0 info it worked if it ends with ok
1 verbose cli [ '/usr/local/bin/node',
1 verbose cli   '/usr/local/bin/npm',
1 verbose cli   'install',
1 verbose cli   '-g',
1 verbose cli   'node-gyp' ]
2 info using npm@6.9.0
3 info using node@v10.16.3
4 verbose npm-session 2ff50bdb74e6a6b0
5 silly install loadCurrentTree
6 silly install readGlobalPackageData
7 http fetch GET 200 https://registry.npmjs.org/node-gyp 131ms
8 silly pacote tag manifest for node-gyp@latest fetched in 148ms
9 timing stage:loadCurrentTree Completed in 163ms
10 silly install loadIdealTree
11 silly install cloneCurrentTreeToIdealTree
12 timing stage:loadIdealTree:cloneCurrentTree Completed in 0ms
13 silly install loadShrinkwrap
14 timing stage:loadIdealTree:loadShrinkwrap Completed in 1ms
15 silly install loadAllDepsIntoIdealTree
16 silly resolveWithNewModule node-gyp@5.0.4 checking installable status
17 http fetch GET 200 https://registry.npmjs.org/env-paths 44ms
18 http fetch GET 200 https://registry.npmjs.org/mkdirp 111ms
19 http fetch GET 200 https://registry.npmjs.org/request 109ms
20 http fetch GET 200 https://registry.npmjs.org/tar 109ms
21 http fetch GET 200 https://registry.npmjs.org/env-paths/-/env-paths-1.0.0.tgz 74ms
22 http fetch GET 200 https://registry.npmjs.org/graceful-fs 120ms
23 http fetch GET 200 https://registry.npmjs.org/npmlog 119ms
24 http fetch GET 200 https://registry.npmjs.org/rimraf 118ms
25 http fetch GET 200 https://registry.npmjs.org/glob 124ms
26 http fetch GET 200 https://registry.npmjs.org/nopt 121ms
27 http fetch GET 200 https://registry.npmjs.org/semver 119ms
28 silly pacote range manifest for env-paths@^1.0.0 fetched in 137ms
29 silly resolveWithNewModule env-paths@1.0.0 checking installable status
30 silly pacote range manifest for request@^2.87.0 fetched in 131ms
31 silly resolveWithNewModule request@2.88.0 checking installable status
32 silly pacote range manifest for tar@^4.4.12 fetched in 131ms
33 silly resolveWithNewModule tar@4.4.13 checking installable status
34 silly pacote range manifest for graceful-fs@^4.1.2 fetched in 137ms
35 silly resolveWithNewModule graceful-fs@4.2.2 checking installable status
36 silly pacote range manifest for rimraf@2 fetched in 133ms
37 silly resolveWithNewModule rimraf@2.7.1 checking installable status
38 silly pacote range manifest for glob@^7.0.3 fetched in 139ms
39 silly resolveWithNewModule glob@7.1.4 checking installable status
40 http fetch GET 200 https://registry.npmjs.org/mkdirp/-/mkdirp-0.5.1.tgz 54ms
41 http fetch GET 200 https://registry.npmjs.org/nopt/-/nopt-3.0.6.tgz 44ms
42 http fetch GET 200 https://registry.npmjs.org/semver/-/semver-5.3.0.tgz 45ms
43 http fetch GET 200 https://registry.npmjs.org/npmlog/-/npmlog-4.1.2.tgz 46ms
44 silly pacote range manifest for mkdirp@^0.5.0 fetched in 177ms
45 silly resolveWithNewModule mkdirp@0.5.1 checking installable status
46 silly pacote range manifest for nopt@2 || 3 fetched in 177ms
47 silly resolveWithNewModule nopt@3.0.6 checking installable status
48 http fetch GET 304 https://registry.npmjs.org/which 42ms (from cache)
49 silly pacote range manifest for semver@~5.3.0 fetched in 174ms
50 silly resolveWithNewModule semver@5.3.0 checking installable status
51 silly pacote range manifest for npmlog@0 || 1 || 2 || 3 || 4 fetched in 176ms
52 silly resolveWithNewModule npmlog@4.1.2 checking installable status
53 silly pacote range manifest for which@1 fetched in 44ms
54 silly resolveWithNewModule which@1.3.1 checking installable status
55 http fetch GET 200 https://registry.npmjs.org/inherits 35ms
56 http fetch GET 200 https://registry.npmjs.org/minimatch 36ms
57 http fetch GET 304 https://registry.npmjs.org/fs.realpath 40ms (from cache)
58 silly pacote range manifest for minimatch@^3.0.4 fetched in 39ms
59 silly resolveWithNewModule minimatch@3.0.4 checking installable status
60 http fetch GET 200 https://registry.npmjs.org/inflight 42ms
61 silly pacote range manifest for fs.realpath@^1.0.0 fetched in 43ms
62 silly resolveWithNewModule fs.realpath@1.0.0 checking installable status
63 silly pacote range manifest for inflight@^1.0.4 fetched in 45ms
64 silly resolveWithNewModule inflight@1.0.6 checking installable status
65 silly pacote range manifest for inherits@2 fetched in 45ms
66 silly resolveWithNewModule inherits@2.0.4 checking installable status
67 http fetch GET 304 https://registry.npmjs.org/path-is-absolute 46ms (from cache)
68 silly pacote range manifest for path-is-absolute@^1.0.0 fetched in 47ms
69 silly resolveWithNewModule path-is-absolute@1.0.1 checking installable status
70 http fetch GET 304 https://registry.npmjs.org/once 49ms (from cache)
71 silly pacote range manifest for once@^1.3.0 fetched in 56ms
72 silly resolveWithNewModule once@1.4.0 checking installable status
73 http fetch GET 200 https://registry.npmjs.org/wrappy 31ms
74 silly pacote range manifest for wrappy@1 fetched in 33ms
75 silly resolveWithNewModule wrappy@1.0.2 checking installable status
76 http fetch GET 304 https://registry.npmjs.org/brace-expansion 30ms (from cache)
77 silly pacote range manifest for brace-expansion@^1.1.7 fetched in 32ms
78 silly resolveWithNewModule brace-expansion@1.1.11 checking installable status
79 http fetch GET 304 https://registry.npmjs.org/concat-map 33ms (from cache)
80 http fetch GET 304 https://registry.npmjs.org/balanced-match 34ms (from cache)
81 silly pacote version manifest for concat-map@0.0.1 fetched in 35ms
82 silly resolveWithNewModule concat-map@0.0.1 checking installable status
83 silly pacote range manifest for balanced-match@^1.0.0 fetched in 36ms
84 silly resolveWithNewModule balanced-match@1.0.0 checking installable status
85 http fetch GET 200 https://registry.npmjs.org/minimist 35ms
86 http fetch GET 200 https://registry.npmjs.org/minimist/-/minimist-0.0.8.tgz 71ms
87 silly pacote version manifest for minimist@0.0.8 fetched in 109ms
88 silly resolveWithNewModule minimist@0.0.8 checking installable status
89 http fetch GET 200 https://registry.npmjs.org/abbrev 28ms
90 silly pacote range manifest for abbrev@1 fetched in 30ms
91 silly resolveWithNewModule abbrev@1.1.1 checking installable status
92 http fetch GET 200 https://registry.npmjs.org/gauge 30ms
93 http fetch GET 200 https://registry.npmjs.org/are-we-there-yet 35ms
94 http fetch GET 304 https://registry.npmjs.org/set-blocking 38ms (from cache)
95 silly pacote range manifest for are-we-there-yet@~1.1.2 fetched in 41ms
96 silly resolveWithNewModule are-we-there-yet@1.1.5 checking installable status
97 silly pacote range manifest for set-blocking@~2.0.0 fetched in 40ms
98 silly resolveWithNewModule set-blocking@2.0.0 checking installable status
99 http fetch GET 200 https://registry.npmjs.org/console-control-strings 41ms
100 silly pacote range manifest for console-control-strings@~1.1.0 fetched in 43ms
101 silly resolveWithNewModule console-control-strings@1.1.0 checking installable status
102 http fetch GET 200 https://registry.npmjs.org/gauge/-/gauge-2.7.4.tgz 34ms
103 silly pacote range manifest for gauge@~2.7.3 fetched in 67ms
104 silly resolveWithNewModule gauge@2.7.4 checking installable status
105 http fetch GET 200 https://registry.npmjs.org/delegates 32ms
106 http fetch GET 200 https://registry.npmjs.org/readable-stream 37ms
107 silly pacote range manifest for delegates@^1.0.0 fetched in 40ms
108 silly resolveWithNewModule delegates@1.0.0 checking installable status
109 silly pacote range manifest for readable-stream@^2.0.6 fetched in 41ms
110 silly resolveWithNewModule readable-stream@2.3.6 checking installable status
111 http fetch GET 200 https://registry.npmjs.org/isarray 45ms
112 http fetch GET 200 https://registry.npmjs.org/safe-buffer 46ms
113 http fetch GET 200 https://registry.npmjs.org/process-nextick-args 48ms
114 http fetch GET 200 https://registry.npmjs.org/string_decoder 47ms
115 silly pacote range manifest for isarray@~1.0.0 fetched in 50ms
116 silly resolveWithNewModule isarray@1.0.0 checking installable status
117 silly pacote range manifest for safe-buffer@~5.1.1 fetched in 49ms
118 silly resolveWithNewModule safe-buffer@5.1.2 checking installable status
119 silly pacote range manifest for string_decoder@~1.1.1 fetched in 51ms
120 silly resolveWithNewModule string_decoder@1.1.1 checking installable status
121 http fetch GET 304 https://registry.npmjs.org/core-util-is 53ms (from cache)
122 http fetch GET 304 https://registry.npmjs.org/util-deprecate 52ms (from cache)
123 silly pacote range manifest for core-util-is@~1.0.0 fetched in 54ms
124 silly resolveWithNewModule core-util-is@1.0.2 checking installable status
125 silly pacote range manifest for util-deprecate@~1.0.1 fetched in 54ms
126 silly resolveWithNewModule util-deprecate@1.0.2 checking installable status
127 silly pacote range manifest for process-nextick-args@~2.0.0 fetched in 55ms
128 silly resolveWithNewModule process-nextick-args@2.0.1 checking installable status
129 http fetch GET 200 https://registry.npmjs.org/has-unicode 34ms
130 http fetch GET 200 https://registry.npmjs.org/object-assign 37ms
131 http fetch GET 200 https://registry.npmjs.org/wide-align 36ms
132 http fetch GET 200 https://registry.npmjs.org/aproba 41ms
133 silly pacote range manifest for has-unicode@^2.0.0 fetched in 43ms
134 silly resolveWithNewModule has-unicode@2.0.1 checking installable status
135 silly pacote range manifest for object-assign@^4.1.0 fetched in 45ms
136 silly resolveWithNewModule object-assign@4.1.1 checking installable status
137 http fetch GET 304 https://registry.npmjs.org/strip-ansi 44ms (from cache)
138 silly pacote range manifest for wide-align@^1.1.0 fetched in 44ms
139 silly resolveWithNewModule wide-align@1.1.3 checking installable status
140 http fetch GET 304 https://registry.npmjs.org/string-width 45ms (from cache)
141 silly pacote range manifest for strip-ansi@^3.0.1 fetched in 47ms
142 silly resolveWithNewModule strip-ansi@3.0.1 checking installable status
143 silly pacote range manifest for string-width@^1.0.1 fetched in 48ms
144 silly resolveWithNewModule string-width@1.0.2 checking installable status
145 http fetch GET 200 https://registry.npmjs.org/signal-exit 49ms
146 silly pacote range manifest for signal-exit@^3.0.0 fetched in 52ms
147 silly resolveWithNewModule signal-exit@3.0.2 checking installable status
148 http fetch GET 200 https://registry.npmjs.org/aproba/-/aproba-1.2.0.tgz 37ms
149 silly pacote range manifest for aproba@^1.0.3 fetched in 82ms
150 silly resolveWithNewModule aproba@1.2.0 checking installable status
151 http fetch GET 304 https://registry.npmjs.org/is-fullwidth-code-point 33ms (from cache)
152 http fetch GET 304 https://registry.npmjs.org/code-point-at 34ms (from cache)
153 silly pacote range manifest for is-fullwidth-code-point@^1.0.0 fetched in 35ms
154 silly resolveWithNewModule is-fullwidth-code-point@1.0.0 checking installable status
155 silly pacote range manifest for code-point-at@^1.0.0 fetched in 36ms
156 silly resolveWithNewModule code-point-at@1.1.0 checking installable status
157 http fetch GET 304 https://registry.npmjs.org/number-is-nan 31ms (from cache)
158 silly pacote range manifest for number-is-nan@^1.0.0 fetched in 32ms
159 silly resolveWithNewModule number-is-nan@1.0.1 checking installable status
160 http fetch GET 304 https://registry.npmjs.org/ansi-regex 40ms (from cache)
161 silly pacote range manifest for ansi-regex@^2.0.0 fetched in 42ms
162 silly resolveWithNewModule ansi-regex@2.1.1 checking installable status
163 http fetch GET 200 https://registry.npmjs.org/forever-agent 40ms
164 http fetch GET 200 https://registry.npmjs.org/combined-stream 41ms
165 http fetch GET 200 https://registry.npmjs.org/aws-sign2 42ms
166 http fetch GET 200 https://registry.npmjs.org/is-typedarray 41ms
167 http fetch GET 200 https://registry.npmjs.org/aws4 43ms
168 http fetch GET 200 https://registry.npmjs.org/har-validator 45ms
169 http fetch GET 200 https://registry.npmjs.org/http-signature 46ms
170 silly pacote range manifest for combined-stream@~1.0.6 fetched in 52ms
171 silly resolveWithNewModule combined-stream@1.0.8 checking installable status
172 http fetch GET 200 https://registry.npmjs.org/caseless 54ms
173 silly pacote range manifest for aws-sign2@~0.7.0 fetched in 54ms
174 silly resolveWithNewModule aws-sign2@0.7.0 checking installable status
175 silly pacote range manifest for forever-agent@~0.6.1 fetched in 55ms
176 silly resolveWithNewModule forever-agent@0.6.1 checking installable status
177 silly pacote range manifest for aws4@^1.8.0 fetched in 56ms
178 silly resolveWithNewModule aws4@1.8.0 checking installable status
179 silly pacote range manifest for is-typedarray@~1.0.0 fetched in 54ms
180 silly resolveWithNewModule is-typedarray@1.0.0 checking installable status
181 silly pacote range manifest for har-validator@~5.1.0 fetched in 58ms
182 silly resolveWithNewModule har-validator@5.1.3 checking installable status
183 http fetch GET 304 https://registry.npmjs.org/extend 61ms (from cache)
184 silly pacote range manifest for extend@~3.0.2 fetched in 62ms
185 silly resolveWithNewModule extend@3.0.2 checking installable status
186 silly pacote range manifest for caseless@~0.12.0 fetched in 64ms
187 silly resolveWithNewModule caseless@0.12.0 checking installable status
188 http fetch GET 200 https://registry.npmjs.org/http-signature/-/http-signature-1.2.0.tgz 36ms
189 silly pacote range manifest for http-signature@~1.2.0 fetched in 86ms
190 silly resolveWithNewModule http-signature@1.2.0 checking installable status
191 http fetch GET 200 https://registry.npmjs.org/oauth-sign 52ms
192 http fetch GET 200 https://registry.npmjs.org/mime-types 52ms
193 http fetch GET 200 https://registry.npmjs.org/json-stringify-safe 55ms
194 http fetch GET 200 https://registry.npmjs.org/qs 49ms
195 http fetch GET 200 https://registry.npmjs.org/isstream 58ms
196 http fetch GET 200 https://registry.npmjs.org/performance-now 55ms
197 http fetch GET 200 https://registry.npmjs.org/tough-cookie 48ms
198 http fetch GET 200 https://registry.npmjs.org/tunnel-agent 49ms
199 silly pacote range manifest for oauth-sign@~0.9.0 fetched in 62ms
200 silly resolveWithNewModule oauth-sign@0.9.0 checking installable status
201 http fetch GET 200 https://registry.npmjs.org/uuid 31ms
202 silly pacote range manifest for mime-types@~2.1.19 fetched in 65ms
203 silly resolveWithNewModule mime-types@2.1.24 checking installable status
204 silly pacote range manifest for json-stringify-safe@~5.0.1 fetched in 67ms
205 silly resolveWithNewModule json-stringify-safe@5.0.1 checking installable status
206 silly pacote range manifest for isstream@~0.1.2 fetched in 68ms
207 silly resolveWithNewModule isstream@0.1.2 checking installable status
208 silly pacote range manifest for qs@~6.5.2 fetched in 62ms
209 silly resolveWithNewModule qs@6.5.2 checking installable status
210 silly pacote range manifest for tunnel-agent@^0.6.0 fetched in 59ms
211 silly resolveWithNewModule tunnel-agent@0.6.0 checking installable status
212 silly pacote range manifest for performance-now@^2.1.0 fetched in 66ms
213 silly resolveWithNewModule performance-now@2.1.0 checking installable status
214 silly pacote range manifest for tough-cookie@~2.4.3 fetched in 60ms
215 silly resolveWithNewModule tough-cookie@2.4.3 checking installable status
216 silly pacote range manifest for uuid@^3.3.2 fetched in 37ms
217 silly resolveWithNewModule uuid@3.3.3 checking installable status
218 http fetch GET 200 https://registry.npmjs.org/form-data 174ms
219 silly pacote range manifest for form-data@~2.3.2 fetched in 177ms
220 silly resolveWithNewModule form-data@2.3.3 checking installable status
221 http fetch GET 200 https://registry.npmjs.org/delayed-stream 28ms
222 silly pacote range manifest for delayed-stream@~1.0.0 fetched in 33ms
223 silly resolveWithNewModule delayed-stream@1.0.0 checking installable status
224 http fetch GET 200 https://registry.npmjs.org/asynckit 30ms
225 silly pacote range manifest for asynckit@^0.4.0 fetched in 34ms
226 silly resolveWithNewModule asynckit@0.4.0 checking installable status
227 http fetch GET 200 https://registry.npmjs.org/mime-db 31ms
228 silly pacote version manifest for mime-db@1.40.0 fetched in 34ms
229 silly resolveWithNewModule mime-db@1.40.0 checking installable status
230 http fetch GET 200 https://registry.npmjs.org/har-schema 36ms
231 http fetch GET 200 https://registry.npmjs.org/ajv 44ms
232 silly pacote range manifest for ajv@^6.5.5 fetched in 49ms
233 silly resolveWithNewModule ajv@6.10.2 checking installable status
234 http fetch GET 200 https://registry.npmjs.org/har-schema/-/har-schema-2.0.0.tgz 37ms
235 silly pacote range manifest for har-schema@^2.0.0 fetched in 75ms
236 silly resolveWithNewModule har-schema@2.0.0 checking installable status
237 http fetch GET 200 https://registry.npmjs.org/fast-json-stable-stringify 39ms
238 http fetch GET 200 https://registry.npmjs.org/fast-deep-equal 39ms
239 http fetch GET 200 https://registry.npmjs.org/uri-js 39ms
240 http fetch GET 200 https://registry.npmjs.org/json-schema-traverse 41ms
241 silly pacote range manifest for fast-deep-equal@^2.0.1 fetched in 44ms
242 silly resolveWithNewModule fast-deep-equal@2.0.1 checking installable status
243 silly pacote range manifest for fast-json-stable-stringify@^2.0.0 fetched in 45ms
244 silly resolveWithNewModule fast-json-stable-stringify@2.0.0 checking installable status
245 silly pacote range manifest for json-schema-traverse@^0.4.1 fetched in 45ms
246 silly resolveWithNewModule json-schema-traverse@0.4.1 checking installable status
247 silly pacote range manifest for uri-js@^4.2.2 fetched in 44ms
248 silly resolveWithNewModule uri-js@4.2.2 checking installable status
249 http fetch GET 200 https://registry.npmjs.org/punycode 31ms
250 silly pacote range manifest for punycode@^2.1.0 fetched in 33ms
251 silly resolveWithNewModule punycode@2.1.1 checking installable status
252 http fetch GET 200 https://registry.npmjs.org/jsprim 29ms
253 http fetch GET 200 https://registry.npmjs.org/sshpk 33ms
254 http fetch GET 200 https://registry.npmjs.org/assert-plus 35ms
255 silly pacote range manifest for sshpk@^1.7.0 fetched in 37ms
256 silly resolveWithNewModule sshpk@1.16.1 checking installable status
257 http fetch GET 200 https://registry.npmjs.org/jsprim/-/jsprim-1.4.1.tgz 27ms
258 silly pacote range manifest for jsprim@^1.2.2 fetched in 61ms
259 silly resolveWithNewModule jsprim@1.4.1 checking installable status
260 http fetch GET 200 https://registry.npmjs.org/assert-plus/-/assert-plus-1.0.0.tgz 31ms
261 silly pacote range manifest for assert-plus@^1.0.0 fetched in 69ms
262 silly resolveWithNewModule assert-plus@1.0.0 checking installable status
263 http fetch GET 200 https://registry.npmjs.org/json-schema 28ms
264 http fetch GET 200 https://registry.npmjs.org/extsprintf 29ms
265 http fetch GET 200 https://registry.npmjs.org/verror 28ms
266 http fetch GET 200 https://registry.npmjs.org/json-schema/-/json-schema-0.2.3.tgz 39ms
267 http fetch GET 200 https://registry.npmjs.org/verror/-/verror-1.10.0.tgz 37ms
268 http fetch GET 200 https://registry.npmjs.org/extsprintf/-/extsprintf-1.3.0.tgz 38ms
269 silly pacote version manifest for json-schema@0.2.3 fetched in 71ms
270 silly resolveWithNewModule json-schema@0.2.3 checking installable status
271 silly pacote version manifest for extsprintf@1.3.0 fetched in 71ms
272 silly resolveWithNewModule extsprintf@1.3.0 checking installable status
273 silly pacote version manifest for verror@1.10.0 fetched in 71ms
274 silly resolveWithNewModule verror@1.10.0 checking installable status
275 http fetch GET 200 https://registry.npmjs.org/getpass 36ms
276 http fetch GET 200 https://registry.npmjs.org/asn1 37ms
277 http fetch GET 200 https://registry.npmjs.org/ecc-jsbn 35ms
278 http fetch GET 200 https://registry.npmjs.org/bcrypt-pbkdf 37ms
279 http fetch GET 200 https://registry.npmjs.org/jsbn 40ms
280 http fetch GET 200 https://registry.npmjs.org/safer-buffer 42ms
281 http fetch GET 200 https://registry.npmjs.org/tweetnacl 43ms
282 silly pacote range manifest for asn1@~0.2.3 fetched in 47ms
283 silly resolveWithNewModule asn1@0.2.4 checking installable status
284 http fetch GET 200 https://registry.npmjs.org/dashdash 47ms
285 silly pacote range manifest for ecc-jsbn@~0.1.1 fetched in 46ms
286 silly resolveWithNewModule ecc-jsbn@0.1.2 checking installable status
287 silly pacote range manifest for bcrypt-pbkdf@^1.0.0 fetched in 46ms
288 silly resolveWithNewModule bcrypt-pbkdf@1.0.2 checking installable status
289 silly pacote range manifest for jsbn@~0.1.0 fetched in 47ms
290 silly resolveWithNewModule jsbn@0.1.1 checking installable status
291 silly pacote range manifest for safer-buffer@^2.0.2 fetched in 49ms
292 silly resolveWithNewModule safer-buffer@2.1.2 checking installable status
293 silly pacote range manifest for dashdash@^1.12.0 fetched in 51ms
294 silly resolveWithNewModule dashdash@1.14.1 checking installable status
295 http fetch GET 200 https://registry.npmjs.org/getpass/-/getpass-0.1.7.tgz 27ms
296 silly pacote range manifest for getpass@^0.1.1 fetched in 67ms
297 silly resolveWithNewModule getpass@0.1.7 checking installable status
298 http fetch GET 200 https://registry.npmjs.org/tweetnacl/-/tweetnacl-0.14.5.tgz 29ms
299 silly pacote range manifest for tweetnacl@~0.14.0 fetched in 76ms
300 silly resolveWithNewModule tweetnacl@0.14.5 checking installable status
301 silly pacote range manifest for punycode@^1.4.1 fetched in 2ms
302 silly resolveWithNewModule punycode@1.4.1 checking installable status
303 http fetch GET 200 https://registry.npmjs.org/psl 28ms
304 silly pacote range manifest for psl@^1.1.24 fetched in 32ms
305 silly resolveWithNewModule psl@1.4.0 checking installable status
306 http fetch GET 200 https://registry.npmjs.org/chownr 28ms
307 http fetch GET 200 https://registry.npmjs.org/minizlib 32ms
308 silly pacote range manifest for chownr@^1.1.1 fetched in 34ms
309 silly resolveWithNewModule chownr@1.1.3 checking installable status
310 http fetch GET 200 https://registry.npmjs.org/minipass 33ms
311 http fetch GET 200 https://registry.npmjs.org/yallist 36ms
312 silly pacote range manifest for minizlib@^1.2.1 fetched in 38ms
313 silly resolveWithNewModule minizlib@1.3.3 checking installable status
314 http fetch GET 200 https://registry.npmjs.org/fs-minipass 39ms
315 silly pacote range manifest for minipass@^2.8.6 fetched in 39ms
316 silly resolveWithNewModule minipass@2.9.0 checking installable status
317 silly pacote range manifest for yallist@^3.0.3 fetched in 41ms
318 silly resolveWithNewModule yallist@3.1.1 checking installable status
319 silly pacote range manifest for fs-minipass@^1.2.5 fetched in 43ms
320 silly resolveWithNewModule fs-minipass@1.2.7 checking installable status
321 http fetch GET 304 https://registry.npmjs.org/isexe 31ms (from cache)
322 silly pacote range manifest for isexe@^2.0.0 fetched in 32ms
323 silly resolveWithNewModule isexe@2.0.0 checking installable status
324 timing stage:loadIdealTree:loadAllDepsIntoIdealTree Completed in 1665ms
325 timing stage:loadIdealTree Completed in 1693ms
326 silly currentTree lib
327 silly idealTree lib
327 silly idealTree └─┬ node-gyp@5.0.4
327 silly idealTree   ├── abbrev@1.1.1
327 silly idealTree   ├── ajv@6.10.2
327 silly idealTree   ├── ansi-regex@2.1.1
327 silly idealTree   ├── aproba@1.2.0
327 silly idealTree   ├── are-we-there-yet@1.1.5
327 silly idealTree   ├── asn1@0.2.4
327 silly idealTree   ├── assert-plus@1.0.0
327 silly idealTree   ├── asynckit@0.4.0
327 silly idealTree   ├── aws-sign2@0.7.0
327 silly idealTree   ├── aws4@1.8.0
327 silly idealTree   ├── balanced-match@1.0.0
327 silly idealTree   ├── bcrypt-pbkdf@1.0.2
327 silly idealTree   ├── brace-expansion@1.1.11
327 silly idealTree   ├── caseless@0.12.0
327 silly idealTree   ├── chownr@1.1.3
327 silly idealTree   ├── code-point-at@1.1.0
327 silly idealTree   ├── combined-stream@1.0.8
327 silly idealTree   ├── concat-map@0.0.1
327 silly idealTree   ├── console-control-strings@1.1.0
327 silly idealTree   ├── core-util-is@1.0.2
327 silly idealTree   ├── dashdash@1.14.1
327 silly idealTree   ├── delayed-stream@1.0.0
327 silly idealTree   ├── delegates@1.0.0
327 silly idealTree   ├── ecc-jsbn@0.1.2
327 silly idealTree   ├── env-paths@1.0.0
327 silly idealTree   ├── extend@3.0.2
327 silly idealTree   ├── extsprintf@1.3.0
327 silly idealTree   ├── fast-deep-equal@2.0.1
327 silly idealTree   ├── fast-json-stable-stringify@2.0.0
327 silly idealTree   ├── forever-agent@0.6.1
327 silly idealTree   ├── form-data@2.3.3
327 silly idealTree   ├── fs-minipass@1.2.7
327 silly idealTree   ├── fs.realpath@1.0.0
327 silly idealTree   ├── gauge@2.7.4
327 silly idealTree   ├── getpass@0.1.7
327 silly idealTree   ├── glob@7.1.4
327 silly idealTree   ├── graceful-fs@4.2.2
327 silly idealTree   ├── har-schema@2.0.0
327 silly idealTree   ├── har-validator@5.1.3
327 silly idealTree   ├── has-unicode@2.0.1
327 silly idealTree   ├── http-signature@1.2.0
327 silly idealTree   ├── inflight@1.0.6
327 silly idealTree   ├── inherits@2.0.4
327 silly idealTree   ├── is-fullwidth-code-point@1.0.0
327 silly idealTree   ├── is-typedarray@1.0.0
327 silly idealTree   ├── isarray@1.0.0
327 silly idealTree   ├── isexe@2.0.0
327 silly idealTree   ├── isstream@0.1.2
327 silly idealTree   ├── jsbn@0.1.1
327 silly idealTree   ├── json-schema-traverse@0.4.1
327 silly idealTree   ├── json-schema@0.2.3
327 silly idealTree   ├── json-stringify-safe@5.0.1
327 silly idealTree   ├── jsprim@1.4.1
327 silly idealTree   ├── mime-db@1.40.0
327 silly idealTree   ├── mime-types@2.1.24
327 silly idealTree   ├── minimatch@3.0.4
327 silly idealTree   ├── minimist@0.0.8
327 silly idealTree   ├── minipass@2.9.0
327 silly idealTree   ├── minizlib@1.3.3
327 silly idealTree   ├── mkdirp@0.5.1
327 silly idealTree   ├── nopt@3.0.6
327 silly idealTree   ├── npmlog@4.1.2
327 silly idealTree   ├── number-is-nan@1.0.1
327 silly idealTree   ├── oauth-sign@0.9.0
327 silly idealTree   ├── object-assign@4.1.1
327 silly idealTree   ├── once@1.4.0
327 silly idealTree   ├── path-is-absolute@1.0.1
327 silly idealTree   ├── performance-now@2.1.0
327 silly idealTree   ├── process-nextick-args@2.0.1
327 silly idealTree   ├── psl@1.4.0
327 silly idealTree   ├── punycode@2.1.1
327 silly idealTree   ├── qs@6.5.2
327 silly idealTree   ├── readable-stream@2.3.6
327 silly idealTree   ├── request@2.88.0
327 silly idealTree   ├── rimraf@2.7.1
327 silly idealTree   ├── safe-buffer@5.1.2
327 silly idealTree   ├── safer-buffer@2.1.2
327 silly idealTree   ├── semver@5.3.0
327 silly idealTree   ├── set-blocking@2.0.0
327 silly idealTree   ├── signal-exit@3.0.2
327 silly idealTree   ├── sshpk@1.16.1
327 silly idealTree   ├── string_decoder@1.1.1
327 silly idealTree   ├── string-width@1.0.2
327 silly idealTree   ├── strip-ansi@3.0.1
327 silly idealTree   ├── tar@4.4.13
327 silly idealTree   ├─┬ tough-cookie@2.4.3
327 silly idealTree   │ └── punycode@1.4.1
327 silly idealTree   ├── tunnel-agent@0.6.0
327 silly idealTree   ├── tweetnacl@0.14.5
327 silly idealTree   ├── uri-js@4.2.2
327 silly idealTree   ├── util-deprecate@1.0.2
327 silly idealTree   ├── uuid@3.3.3
327 silly idealTree   ├── verror@1.10.0
327 silly idealTree   ├── which@1.3.1
327 silly idealTree   ├── wide-align@1.1.3
327 silly idealTree   ├── wrappy@1.0.2
327 silly idealTree   └── yallist@3.1.1
328 silly install generateActionsToTake
329 warn checkPermissions Missing write access to /usr/local/lib/node_modules
330 timing stage:rollbackFailedOptional Completed in 0ms
331 timing stage:runTopLevelLifecycles Completed in 1867ms
332 verbose stack Error: EACCES: permission denied, access '/usr/local/lib/node_modules'
333 verbose cwd /Users/normanwqn
334 verbose Darwin 19.0.0
335 verbose argv "/usr/local/bin/node" "/usr/local/bin/npm" "install" "-g" "node-gyp"
336 verbose node v10.16.3
337 verbose npm  v6.9.0
338 error path /usr/local/lib/node_modules
339 error code EACCES
340 error errno -13
341 error syscall access
342 error Error: EACCES: permission denied, access '/usr/local/lib/node_modules'
342 error  { [Error: EACCES: permission denied, access '/usr/local/lib/node_modules']
342 error   stack:
342 error    'Error: EACCES: permission denied, access \'/usr/local/lib/node_modules\'',
342 error   errno: -13,
342 error   code: 'EACCES',
342 error   syscall: 'access',
342 error   path: '/usr/local/lib/node_modules' }
343 error The operation was rejected by your operating system.
343 error It is likely you do not have the permissions to access this file as the current user
343 error
343 error If you believe this might be a permissions issue, please double-check the
343 error permissions of the file and its containing directories, or try running
343 error the command again as root/Administrator (though this is not recommended).
344 verbose exit [ -13, true ]
